\BOOKMARK [1][-]{section.1}{\376\377\000I\000n\000t\000r\000o\000d\000u\000c\000t\000i\000o\000n}{}% 1
\BOOKMARK [2][-]{subsection.1.1}{\376\377\000B\000a\000c\000k\000g\000r\000o\000u\000n\000d}{section.1}% 2
\BOOKMARK [1][-]{section.2}{\376\377\000M\000e\000t\000h\000o\000d\000s}{}% 3
\BOOKMARK [2][-]{subsection.2.1}{\376\377\000D\000a\000t\000a}{section.2}% 4
\BOOKMARK [3][-]{subsubsection.2.1.1}{\376\377\000D\000e\000s\000c\000r\000i\000p\000t\000i\000o\000n}{subsection.2.1}% 5
\BOOKMARK [3][-]{subsubsection.2.1.2}{\376\377\000P\000r\000e\000p\000o\000r\000c\000e\000s\000s\000i\000n\000g}{subsection.2.1}% 6
\BOOKMARK [4][-]{paragraph.2.1.2.1}{\376\377\000M\000e\000t\000a\000\040\000D\000a\000t\000a\000\040\000I\000m\000p\000u\000t\000a\000t\000i\000o\000n}{subsubsection.2.1.2}% 7
\BOOKMARK [4][-]{paragraph.2.1.2.2}{\376\377\000A\000c\000t\000i\000g\000r\000a\000p\000h\000\040\000D\000a\000t\000a\000\040\000P\000r\000e\000p\000r\000o\000c\000e\000s\000s\000i\000n\000g}{subsubsection.2.1.2}% 8
\BOOKMARK [3][-]{subsubsection.2.1.3}{\376\377\000E\000x\000p\000l\000o\000r\000a\000t\000o\000r\000y\000\040\000D\000a\000t\000a\000\040\000A\000n\000a\000l\000y\000s\000i\000s}{subsection.2.1}% 9
\BOOKMARK [2][-]{subsection.2.2}{\376\377\000C\000l\000a\000s\000s\000i\000f\000i\000c\000a\000t\000i\000o\000n\000\040\000M\000o\000d\000e\000l\000s}{section.2}% 10
\BOOKMARK [1][-]{section.3}{\376\377\000R\000e\000s\000u\000l\000t\000s\000\040\000\046\000\040\000C\000o\000m\000p\000a\000r\000i\000s\000o\000n\000s}{}% 11
\BOOKMARK [2][-]{subsection.3.1}{\376\377\000L\000o\000g\000i\000s\000t\000i\000c\000\040\000R\000e\000g\000r\000e\000s\000s\000i\000o\000n}{section.3}% 12
\BOOKMARK [2][-]{subsection.3.2}{\376\377\000R\000a\000n\000d\000o\000m\000\040\000F\000o\000r\000e\000s\000t}{section.3}% 13
\BOOKMARK [2][-]{subsection.3.3}{\376\377\000K\000-\000N\000e\000a\000r\000e\000s\000t\000\040\000N\000e\000i\000g\000h\000b\000o\000r\000s}{section.3}% 14
\BOOKMARK [2][-]{subsection.3.4}{\376\377\000S\000u\000p\000p\000o\000r\000t\000\040\000V\000e\000c\000t\000o\000r\000\040\000M\000a\000c\000h\000i\000n\000e\000s}{section.3}% 15
\BOOKMARK [2][-]{subsection.3.5}{\376\377\000M\000u\000l\000t\000i\000-\000l\000a\000y\000e\000r\000e\000d\000\040\000P\000e\000r\000c\000e\000p\000t\000r\000o\000n\000s}{section.3}% 16
\BOOKMARK [2][-]{subsection.3.6}{\376\377\000M\000o\000d\000e\000l\000\040\000S\000e\000l\000e\000c\000t\000i\000o\000n}{section.3}% 17
\BOOKMARK [1][-]{section.4}{\376\377\000R\000e\000s\000u\000l\000t\000s\000\040\000V\000i\000s\000u\000a\000l\000i\000z\000a\000t\000i\000o\000n}{}% 18
\BOOKMARK [2][-]{subsection.4.1}{\376\377\000H\000y\000p\000o\000t\000h\000e\000s\000i\000s\000\040\0001}{section.4}% 19
\BOOKMARK [2][-]{subsection.4.2}{\376\377\000H\000y\000p\000o\000t\000h\000e\000s\000i\000s\000\040\0002}{section.4}% 20
\BOOKMARK [2][-]{subsection.4.3}{\376\377\000H\000y\000p\000o\000t\000h\000e\000s\000i\000s\000\040\0003}{section.4}% 21
\BOOKMARK [2][-]{subsection.4.4}{\376\377\000H\000y\000p\000o\000t\000h\000e\000s\000i\000s\000\040\0004}{section.4}% 22
\BOOKMARK [1][-]{section.5}{\376\377\000D\000i\000s\000c\000u\000s\000s\000i\000o\000n}{}% 23
\BOOKMARK [1][-]{section*.13}{\376\377\000R\000e\000f\000e\000r\000e\000n\000c\000e\000s}{}% 24
