\BOOKMARK [1][-]{section.1}{\376\377\000I\000n\000t\000r\000o\000d\000u\000c\000t\000i\000o\000n}{}% 1
\BOOKMARK [2][-]{subsection.1.1}{\376\377\000B\000a\000c\000k\000g\000r\000o\000u\000n\000d}{section.1}% 2
\BOOKMARK [1][-]{section.2}{\376\377\000M\000e\000t\000h\000o\000d\000s}{}% 3
\BOOKMARK [2][-]{subsection.2.1}{\376\377\000D\000a\000t\000a}{section.2}% 4
\BOOKMARK [3][-]{subsubsection.2.1.1}{\376\377\000D\000e\000s\000c\000r\000i\000p\000t\000i\000o\000n}{subsection.2.1}% 5
\BOOKMARK [3][-]{subsubsection.2.1.2}{\376\377\000P\000r\000e\000p\000r\000o\000c\000e\000s\000s\000i\000n\000g}{subsection.2.1}% 6
\BOOKMARK [2][-]{subsection.2.2}{\376\377\000E\000x\000p\000l\000o\000r\000a\000t\000o\000r\000y\000\040\000D\000a\000t\000a\000\040\000A\000n\000a\000l\000y\000s\000i\000s}{section.2}% 7
\BOOKMARK [2][-]{subsection.2.3}{\376\377\000D\000i\000m\000e\000n\000s\000i\000o\000n\000a\000l\000i\000t\000y\000\040\000R\000e\000d\000u\000c\000t\000i\000o\000n}{section.2}% 8
\BOOKMARK [2][-]{subsection.2.4}{\376\377\000C\000l\000u\000s\000t\000e\000r\000i\000n\000g\000\040\000a\000n\000a\000l\000y\000s\000i\000s}{section.2}% 9
\BOOKMARK [3][-]{subsubsection.2.4.1}{\376\377\000D\000B\000S\000C\000A\000N}{subsection.2.4}% 10
\BOOKMARK [3][-]{subsubsection.2.4.2}{\376\377\000K\000-\000M\000e\000a\000n\000s}{subsection.2.4}% 11
\BOOKMARK [3][-]{subsubsection.2.4.3}{\376\377\000C\000o\000m\000p\000a\000r\000i\000t\000i\000v\000e\000\040\000A\000n\000a\000l\000y\000s\000i\000s}{subsection.2.4}% 12
\BOOKMARK [1][-]{section.3}{\376\377\000R\000e\000s\000u\000l\000t\000s\000\040\000\046\000\040\000C\000o\000m\000p\000a\000r\000i\000s\000o\000n\000s}{}% 13
\BOOKMARK [2][-]{subsection.3.1}{\376\377\000P\000r\000i\000n\000c\000i\000p\000a\000l\000\040\000C\000o\000m\000p\000o\000n\000e\000n\000t\000\040\000A\000n\000a\000l\000y\000s\000i\000s}{section.3}% 14
\BOOKMARK [2][-]{subsection.3.2}{\376\377\000U\000M\000A\000P\000\040\000C\000l\000u\000s\000t\000e\000r\000i\000n\000g}{section.3}% 15
\BOOKMARK [3][-]{subsubsection.3.2.1}{\376\377\000U\000M\000A\000P\000\040\000V\000i\000s\000u\000a\000l\000i\000z\000a\000t\000i\000o\000n\000\040\000o\000f\000\040\000C\000l\000u\000s\000t\000e\000r\000s}{subsection.3.2}% 16
\BOOKMARK [2][-]{subsection.3.3}{\376\377\000C\000o\000m\000p\000a\000r\000a\000t\000i\000v\000e\000\040\000C\000l\000u\000s\000t\000e\000r\000\040\000A\000n\000a\000l\000y\000s\000i\000s}{section.3}% 17
\BOOKMARK [3][-]{subsubsection.3.3.1}{\376\377\000D\000B\000S\000C\000A\000N}{subsection.3.3}% 18
\BOOKMARK [3][-]{subsubsection.3.3.2}{\376\377\000K\000-\000M\000e\000a\000n\000s}{subsection.3.3}% 19
\BOOKMARK [4][-]{paragraph.3.3.2.1}{\376\377\000N\000u\000m\000b\000e\000r\000\040\000o\000f\000\040\000C\000l\000u\000s\000t\000e\000r\000s\000:\000\040\0002}{subsubsection.3.3.2}% 20
\BOOKMARK [4][-]{paragraph.3.3.2.2}{\376\377\000N\000u\000m\000b\000e\000r\000\040\000o\000f\000\040\000C\000l\000u\000s\000t\000e\000r\000s\000:\000\040\0004}{subsubsection.3.3.2}% 21
\BOOKMARK [4][-]{paragraph.3.3.2.3}{\376\377\000N\000u\000m\000b\000e\000r\000\040\000o\000f\000\040\000C\000l\000u\000s\000t\000e\000r\000s\000:\000\040\0006}{subsubsection.3.3.2}% 22
\BOOKMARK [4][-]{paragraph.3.3.2.4}{\376\377\000N\000u\000m\000b\000e\000r\000\040\000o\000f\000\040\000C\000l\000u\000s\000t\000e\000r\000s\000:\000\040\0008}{subsubsection.3.3.2}% 23
\BOOKMARK [1][-]{section.4}{\376\377\000R\000e\000s\000u\000l\000t\000\040\000V\000i\000s\000u\000a\000l\000i\000z\000a\000t\000i\000o\000n}{}% 24
\BOOKMARK [1][-]{section.5}{\376\377\000D\000i\000s\000c\000u\000s\000s\000i\000o\000n}{}% 25
\BOOKMARK [1][-]{section*.12}{\376\377\000R\000e\000f\000e\000r\000e\000n\000c\000e\000s}{}% 26
